config: ./exps/imagenet_r/adam_vpt_deep_imagenet_r.json
attn_store: 0
change_data_order: 0
task_num: 20
gpu_used: 2
prompt_num: 999
use_tensorboard: 1
feature_distill_type: allheadallfeature
file_name: 0925
lamda_for_logit_loss: 0.0
lamda_for_prompt: 0.0
lamda_for_featureformer: 55000.0
lamda_for_featurelower: 0.0
lamda_for_pool3: 55000.0
intra_share: 1
used_decouple: 0
decouple_type: 
Block_which: 
Part_which: 
loss_ratio_print: 0
ratio_fix_para: 0
lamda1: 1
lamda2: 1
lamda3: 1
lamda0: 0
edge1_type: L2
edge2_type: 
edge3_type: 
fc_inittype: type8
cal_center: 0
train_list: 
prompt_store: 
task_id: 0
fusion_type: concat
prefix:  
dataset: imagenetr
memory_size: 2000
memory_per_class: 20
fixed_memory: False
shuffle: True
init_cls: 10
increment: 10
model_name: adam_vpt
convnet_type: pretrained_vit_b16_224_in21k_vpt
device: [device(type='cuda', index=2)]
seed: 1993
tuned_epoch: 20
init_lr: 0.05
batch_size: 64
weight_decay: 0.005
min_lr: 0
optimizer: sgd
vpt_type: deep
prompt_token_num: 30
print: 1
[168, 136, 51, 9, 183, 101, 171, 99, 42, 159, 191, 70, 16, 188, 27, 10, 175, 26, 68, 187, 98, 6, 85, 35, 112, 43, 100, 0, 103, 181, 88, 59, 4, 2, 116, 174, 94, 80, 106, 1, 147, 17, 141, 131, 72, 23, 173, 54, 197, 118, 87, 32, 79, 104, 91, 19, 135, 107, 178, 36, 11, 199, 142, 8, 122, 3, 28, 57, 153, 172, 190, 56, 49, 44, 97, 62, 151, 169, 194, 55, 192, 12, 189, 78, 66, 180, 15, 137, 109, 134, 92, 119, 126, 52, 170, 40, 148, 65, 144, 64, 138, 45, 77, 89, 154, 90, 71, 193, 74, 30, 113, 143, 96, 84, 67, 50, 186, 156, 69, 21, 18, 111, 108, 58, 125, 157, 150, 110, 182, 129, 166, 83, 81, 60, 13, 165, 14, 176, 63, 117, 5, 22, 145, 121, 38, 41, 82, 127, 114, 20, 31, 53, 37, 163, 196, 130, 152, 162, 86, 76, 24, 34, 184, 149, 33, 128, 198, 155, 146, 167, 139, 120, 140, 102, 47, 25, 158, 123, 46, 164, 61, 7, 115, 75, 133, 160, 105, 132, 179, 124, 48, 73, 93, 39, 95, 195, 29, 177, 185, 161]
###################################

[27 27 27 ... 61 61 61]
==================================->
[27 27 27 ... 61 61 61]


###################################
All params: 86075136
Trainable params: 276480
Learning on 0-10
=============== >>> train without kd loss, but only with cls loss <<< ====================
Task 0, Epoch 20/20 => Loss 0.312, Train_accy 91.93, Test_accy 95.90
No NME accuracy.
CNN: {'total': 95.27, '00-09': 95.27, 'old': 0, 'new': 95.27}
CNN top1 curve: [95.27]
CNN top5 curve: [99.68]

Average Accuracy (CNN): 95.27
All params: 171889153
Trainable params: 86090497
Learning on 10-20
=============== >>> train with both kd loss and cls loss <<< ====================
Hand making lamda...
Task 1, Epoch 20/20 => Loss 0.463, Train_accy 1.45, Test_accy 89.40
No NME accuracy.
CNN: {'total': 90.13, '00-09': 90.85, '10-19': 89.52, 'old': 90.85, 'new': 89.52}
CNN top1 curve: [95.27, 90.13]
CNN top5 curve: [99.68, 98.55]

Average Accuracy (CNN): 92.69999999999999
All params: 171904513
Trainable params: 86105857
Learning on 20-30
=============== >>> train with both kd loss and cls loss <<< ====================
Hand making lamda...
Task 2, Epoch 20/20 => Loss 0.462, Train_accy 1.15, Test_accy 86.35
No NME accuracy.
CNN: {'total': 85.34, '00-09': 86.75, '10-19': 85.22, '20-29': 84.0, 'old': 85.92, 'new': 84.0}
CNN top1 curve: [95.27, 90.13, 85.34]
CNN top5 curve: [99.68, 98.55, 96.66]

Average Accuracy (CNN): 90.24666666666667
All params: 171919873
Trainable params: 86121217
Learning on 30-40
=============== >>> train with both kd loss and cls loss <<< ====================
Hand making lamda...
Task 3, Epoch 20/20 => Loss 0.423, Train_accy 0.60, Test_accy 85.24
No NME accuracy.
CNN: {'total': 84.1, '00-09': 84.54, '10-19': 84.95, '20-29': 82.0, '30-39': 84.64, 'old': 83.92, 'new': 84.64}
CNN top1 curve: [95.27, 90.13, 85.34, 84.1]
CNN top5 curve: [99.68, 98.55, 96.66, 95.61]

Average Accuracy (CNN): 88.71000000000001
All params: 171935233
Trainable params: 86136577
Learning on 40-50
=============== >>> train with both kd loss and cls loss <<< ====================
Hand making lamda...
Task 4, Epoch 20/20 => Loss 0.521, Train_accy 1.27, Test_accy 82.81
No NME accuracy.
CNN: {'total': 81.45, '00-09': 84.23, '10-19': 80.91, '20-29': 78.0, '30-39': 79.22, '40-49': 85.1, 'old': 80.62, 'new': 85.1}
CNN top1 curve: [95.27, 90.13, 85.34, 84.1, 81.45]
CNN top5 curve: [99.68, 98.55, 96.66, 95.61, 94.82]

Average Accuracy (CNN): 87.25800000000001
All params: 171950593
Trainable params: 86151937
Learning on 50-60
=============== >>> train with both kd loss and cls loss <<< ====================
Hand making lamda...
Task 5, Epoch 20/20 => Loss 0.473, Train_accy 0.81, Test_accy 82.10
No NME accuracy.
CNN: {'total': 80.8, '00-09': 84.23, '10-19': 79.84, '20-29': 79.0, '30-39': 82.23, '40-49': 81.79, '50-59': 77.63, 'old': 81.39, 'new': 77.63}
CNN top1 curve: [95.27, 90.13, 85.34, 84.1, 81.45, 80.8]
CNN top5 curve: [99.68, 98.55, 96.66, 95.61, 94.82, 94.19]

Average Accuracy (CNN): 86.18166666666667
All params: 171965953
Trainable params: 86167297
Learning on 60-70
=============== >>> train with both kd loss and cls loss <<< ====================
Hand making lamda...
Task 6, Epoch 20/20 => Loss 0.488, Train_accy 2.98, Test_accy 80.67
No NME accuracy.
CNN: {'total': 78.97, '00-09': 78.86, '10-19': 80.11, '20-29': 76.33, '30-39': 79.82, '40-49': 80.46, '50-59': 77.3, '60-69': 79.53, 'old': 78.88, 'new': 79.53}
CNN top1 curve: [95.27, 90.13, 85.34, 84.1, 81.45, 80.8, 78.97]
CNN top5 curve: [99.68, 98.55, 96.66, 95.61, 94.82, 94.19, 92.85]

Average Accuracy (CNN): 85.15142857142858
All params: 171981313
Trainable params: 86182657
Learning on 70-80
=============== >>> train with both kd loss and cls loss <<< ====================
Hand making lamda...
Task 7, Epoch 20/20 => Loss 0.399, Train_accy 0.65, Test_accy 79.06
No NME accuracy.
CNN: {'total': 78.22, '00-09': 80.44, '10-19': 78.23, '20-29': 75.0, '30-39': 80.12, '40-49': 77.81, '50-59': 75.66, '60-69': 73.83, '70-79': 84.98, 'old': 77.39, 'new': 84.98}
CNN top1 curve: [95.27, 90.13, 85.34, 84.1, 81.45, 80.8, 78.97, 78.22]
CNN top5 curve: [99.68, 98.55, 96.66, 95.61, 94.82, 94.19, 92.85, 92.39]

Average Accuracy (CNN): 84.28500000000001
All params: 171996673
Trainable params: 86198017
Learning on 80-90
=============== >>> train with both kd loss and cls loss <<< ====================
Hand making lamda...
Task 8, Epoch 20/20 => Loss 0.498, Train_accy 0.56, Test_accy 77.39
No NME accuracy.
CNN: {'total': 76.0, '00-09': 72.87, '10-19': 77.69, '20-29': 74.33, '30-39': 78.92, '40-49': 75.83, '50-59': 74.01, '60-69': 69.8, '70-79': 81.32, '80-89': 79.03, 'old': 75.62, 'new': 79.03}
CNN top1 curve: [95.27, 90.13, 85.34, 84.1, 81.45, 80.8, 78.97, 78.22, 76.0]
CNN top5 curve: [99.68, 98.55, 96.66, 95.61, 94.82, 94.19, 92.85, 92.39, 90.99]

Average Accuracy (CNN): 83.36444444444446
All params: 172012033
Trainable params: 86213377
Learning on 90-100
=============== >>> train with both kd loss and cls loss <<< ====================
Hand making lamda...
Task 9, Epoch 20/20 => Loss 0.441, Train_accy 0.79, Test_accy 76.08
No NME accuracy.
CNN: {'total': 74.61, '00-09': 76.97, '10-19': 74.19, '20-29': 72.67, '30-39': 77.11, '40-49': 72.19, '50-59': 72.7, '60-69': 71.81, '70-79': 81.32, '80-89': 70.32, '90-99': 79.1, 'old': 74.32, 'new': 79.1}
CNN top1 curve: [95.27, 90.13, 85.34, 84.1, 81.45, 80.8, 78.97, 78.22, 76.0, 74.61]
CNN top5 curve: [99.68, 98.55, 96.66, 95.61, 94.82, 94.19, 92.85, 92.39, 90.99, 90.18]

Average Accuracy (CNN): 82.489
All params: 172027393
Trainable params: 86228737
Learning on 100-110
=============== >>> train with both kd loss and cls loss <<< ====================
Hand making lamda...
Task 10, Epoch 20/20 => Loss 0.419, Train_accy 0.26, Test_accy 76.17
No NME accuracy.
CNN: {'total': 74.82, '00-09': 75.08, '10-19': 72.85, '20-29': 72.67, '30-39': 79.52, '40-49': 72.52, '50-59': 72.7, '60-69': 69.8, '70-79': 79.12, '80-89': 71.29, '90-99': 76.27, '100-109': 82.75, 'old': 74.07, 'new': 82.75}
CNN top1 curve: [95.27, 90.13, 85.34, 84.1, 81.45, 80.8, 78.97, 78.22, 76.0, 74.61, 74.82]
CNN top5 curve: [99.68, 98.55, 96.66, 95.61, 94.82, 94.19, 92.85, 92.39, 90.99, 90.18, 90.0]

Average Accuracy (CNN): 81.79181818181819
All params: 172042753
Trainable params: 86244097
Learning on 110-120
=============== >>> train with both kd loss and cls loss <<< ====================
Hand making lamda...
Task 11, Epoch 20/20 => Loss 0.402, Train_accy 0.33, Test_accy 74.79
No NME accuracy.
CNN: {'total': 73.47, '00-09': 75.71, '10-19': 69.35, '20-29': 71.0, '30-39': 78.01, '40-49': 72.52, '50-59': 73.03, '60-69': 67.11, '70-79': 78.39, '80-89': 66.45, '90-99': 71.19, '100-109': 77.82, '110-119': 79.79, 'old': 72.74, 'new': 79.79}
CNN top1 curve: [95.27, 90.13, 85.34, 84.1, 81.45, 80.8, 78.97, 78.22, 76.0, 74.61, 74.82, 73.47]
CNN top5 curve: [99.68, 98.55, 96.66, 95.61, 94.82, 94.19, 92.85, 92.39, 90.99, 90.18, 90.0, 89.47]

Average Accuracy (CNN): 81.09833333333334
All params: 172058113
Trainable params: 86259457
Learning on 120-130
=============== >>> train with both kd loss and cls loss <<< ====================
Hand making lamda...
Task 12, Epoch 20/20 => Loss 0.450, Train_accy 0.52, Test_accy 74.46
No NME accuracy.
CNN: {'total': 73.37, '00-09': 73.19, '10-19': 71.51, '20-29': 71.33, '30-39': 77.71, '40-49': 71.85, '50-59': 73.68, '60-69': 68.46, '70-79': 76.92, '80-89': 66.13, '90-99': 68.93, '100-109': 77.11, '110-119': 77.39, '120-129': 77.86, 'old': 73.03, 'new': 77.86}
CNN top1 curve: [95.27, 90.13, 85.34, 84.1, 81.45, 80.8, 78.97, 78.22, 76.0, 74.61, 74.82, 73.47, 73.37]
CNN top5 curve: [99.68, 98.55, 96.66, 95.61, 94.82, 94.19, 92.85, 92.39, 90.99, 90.18, 90.0, 89.47, 89.22]

Average Accuracy (CNN): 80.50384615384617
All params: 172073473
Trainable params: 86274817
Learning on 130-140
=============== >>> train with both kd loss and cls loss <<< ====================
Hand making lamda...
Task 13, Epoch 20/20 => Loss 0.372, Train_accy 0.61, Test_accy 74.28
No NME accuracy.
CNN: {'total': 73.3, '00-09': 70.98, '10-19': 71.24, '20-29': 71.33, '30-39': 77.71, '40-49': 71.19, '50-59': 72.04, '60-69': 65.44, '70-79': 77.29, '80-89': 66.45, '90-99': 68.36, '100-109': 75.0, '110-119': 76.6, '120-129': 76.01, '130-139': 84.9, 'old': 72.42, 'new': 84.9}
CNN top1 curve: [95.27, 90.13, 85.34, 84.1, 81.45, 80.8, 78.97, 78.22, 76.0, 74.61, 74.82, 73.47, 73.37, 73.3]
CNN top5 curve: [99.68, 98.55, 96.66, 95.61, 94.82, 94.19, 92.85, 92.39, 90.99, 90.18, 90.0, 89.47, 89.22, 89.11]

Average Accuracy (CNN): 79.98928571428573
All params: 172088833
Trainable params: 86290177
Learning on 140-150
=============== >>> train with both kd loss and cls loss <<< ====================
Hand making lamda...
Task 14, Epoch 20/20 => Loss 0.353, Train_accy 0.07, Test_accy 72.89
No NME accuracy.
CNN: {'total': 72.45, '00-09': 68.45, '10-19': 68.82, '20-29': 68.33, '30-39': 76.2, '40-49': 69.21, '50-59': 71.38, '60-69': 66.11, '70-79': 76.56, '80-89': 64.52, '90-99': 67.23, '100-109': 71.83, '110-119': 76.06, '120-129': 70.85, '130-139': 83.22, '140-149': 83.65, 'old': 71.48, 'new': 83.65}
CNN top1 curve: [95.27, 90.13, 85.34, 84.1, 81.45, 80.8, 78.97, 78.22, 76.0, 74.61, 74.82, 73.47, 73.37, 73.3, 72.45]
CNN top5 curve: [99.68, 98.55, 96.66, 95.61, 94.82, 94.19, 92.85, 92.39, 90.99, 90.18, 90.0, 89.47, 89.22, 89.11, 88.47]

Average Accuracy (CNN): 79.48666666666668
All params: 172104193
Trainable params: 86305537
Learning on 150-160
=============== >>> train with both kd loss and cls loss <<< ====================
Hand making lamda...
Task 15, Epoch 20/20 => Loss 0.486, Train_accy 0.50, Test_accy 73.44
No NME accuracy.
CNN: {'total': 72.28, '00-09': 64.67, '10-19': 67.74, '20-29': 70.67, '30-39': 78.31, '40-49': 70.53, '50-59': 73.36, '60-69': 66.44, '70-79': 75.46, '80-89': 65.16, '90-99': 67.8, '100-109': 71.48, '110-119': 72.61, '120-129': 70.48, '130-139': 81.21, '140-149': 78.75, '150-159': 78.45, 'old': 71.8, 'new': 78.45}
CNN top1 curve: [95.27, 90.13, 85.34, 84.1, 81.45, 80.8, 78.97, 78.22, 76.0, 74.61, 74.82, 73.47, 73.37, 73.3, 72.45, 72.28]
CNN top5 curve: [99.68, 98.55, 96.66, 95.61, 94.82, 94.19, 92.85, 92.39, 90.99, 90.18, 90.0, 89.47, 89.22, 89.11, 88.47, 88.25]

Average Accuracy (CNN): 79.03625000000001
All params: 172119553
Trainable params: 86320897
Learning on 160-170
=============== >>> train with both kd loss and cls loss <<< ====================
Hand making lamda...
Task 16, Epoch 20/20 => Loss 0.599, Train_accy 0.20, Test_accy 70.77
No NME accuracy.
CNN: {'total': 70.56, '00-09': 65.62, '10-19': 66.67, '20-29': 68.67, '30-39': 77.71, '40-49': 67.55, '50-59': 72.7, '60-69': 65.77, '70-79': 78.02, '80-89': 60.32, '90-99': 64.97, '100-109': 66.55, '110-119': 71.28, '120-129': 67.9, '130-139': 79.19, '140-149': 78.47, '150-159': 73.2, '160-169': 71.3, 'old': 70.52, 'new': 71.3}
CNN top1 curve: [95.27, 90.13, 85.34, 84.1, 81.45, 80.8, 78.97, 78.22, 76.0, 74.61, 74.82, 73.47, 73.37, 73.3, 72.45, 72.28, 70.56]
CNN top5 curve: [99.68, 98.55, 96.66, 95.61, 94.82, 94.19, 92.85, 92.39, 90.99, 90.18, 90.0, 89.47, 89.22, 89.11, 88.47, 88.25, 87.3]

Average Accuracy (CNN): 78.53764705882354
All params: 172134913
Trainable params: 86336257
Learning on 170-180
=============== >>> train with both kd loss and cls loss <<< ====================
Hand making lamda...
Task 17, Epoch 20/20 => Loss 0.401, Train_accy 0.21, Test_accy 70.93
No NME accuracy.
CNN: {'total': 70.49, '00-09': 66.56, '10-19': 63.17, '20-29': 68.67, '30-39': 76.51, '40-49': 69.54, '50-59': 71.05, '60-69': 66.44, '70-79': 76.92, '80-89': 59.35, '90-99': 62.71, '100-109': 70.07, '110-119': 70.74, '120-129': 67.9, '130-139': 77.52, '140-149': 76.84, '150-159': 73.2, '160-169': 66.52, '170-179': 83.06, 'old': 69.88, 'new': 83.06}
CNN top1 curve: [95.27, 90.13, 85.34, 84.1, 81.45, 80.8, 78.97, 78.22, 76.0, 74.61, 74.82, 73.47, 73.37, 73.3, 72.45, 72.28, 70.56, 70.49]
CNN top5 curve: [99.68, 98.55, 96.66, 95.61, 94.82, 94.19, 92.85, 92.39, 90.99, 90.18, 90.0, 89.47, 89.22, 89.11, 88.47, 88.25, 87.3, 87.07]

Average Accuracy (CNN): 78.09055555555557
All params: 172150273
Trainable params: 86351617
Learning on 180-190
=============== >>> train with both kd loss and cls loss <<< ====================
Hand making lamda...
Task 18, Epoch 20/20 => Loss 0.450, Train_accy 0.44, Test_accy 69.77
No NME accuracy.
CNN: {'total': 69.59, '00-09': 66.88, '10-19': 65.05, '20-29': 63.33, '30-39': 76.2, '40-49': 68.21, '50-59': 64.47, '60-69': 64.77, '70-79': 74.36, '80-89': 59.03, '90-99': 58.76, '100-109': 69.72, '110-119': 67.82, '120-129': 68.27, '130-139': 78.19, '140-149': 75.75, '150-159': 72.1, '160-169': 64.78, '170-179': 79.44, '180-189': 80.84, 'old': 68.95, 'new': 80.84}
CNN top1 curve: [95.27, 90.13, 85.34, 84.1, 81.45, 80.8, 78.97, 78.22, 76.0, 74.61, 74.82, 73.47, 73.37, 73.3, 72.45, 72.28, 70.56, 70.49, 69.59]
CNN top5 curve: [99.68, 98.55, 96.66, 95.61, 94.82, 94.19, 92.85, 92.39, 90.99, 90.18, 90.0, 89.47, 89.22, 89.11, 88.47, 88.25, 87.3, 87.07, 86.47]

Average Accuracy (CNN): 77.64315789473685
All params: 172165633
Trainable params: 86366977
Learning on 190-200
=============== >>> train with both kd loss and cls loss <<< ====================
Hand making lamda...
Task 19, Epoch 20/20 => Loss 0.368, Train_accy 0.18, Test_accy 70.08
No NME accuracy.
CNN: {'total': 70.00, '00-09': 61.51, '10-19': 66.67, '20-29': 68.33, '30-39': 71.69, '40-49': 67.55, '50-59': 68.75, '60-69': 63.76, '70-79': 75.46, '80-89': 64.19, '90-99': 63.84, '100-109': 66.2, '110-119': 68.35, '120-129': 67.16, '130-139': 76.85, '140-149': 74.11, '150-159': 72.1, '160-169': 56.96, '170-179': 76.21, '180-189': 69.81, '190-199': 85.24, 'old': 68.62, 'new': 85.24}
CNN top1 curve: [95.27, 90.13, 85.34, 84.1, 81.45, 80.8, 78.97, 78.22, 76.0, 74.61, 74.82, 73.47, 73.37, 73.3, 72.45, 72.28, 70.56, 70.49, 69.59, 70.00]
CNN top5 curve: [99.68, 98.55, 96.66, 95.61, 94.82, 94.19, 92.85, 92.39, 90.99, 90.18, 90.0, 89.47, 89.22, 89.11, 88.47, 88.25, 87.3, 87.07, 86.47, 86.22]

Average Accuracy (CNN): 77.2295


===========================================
 ================>  Setting  <================ 
lamda_for_featureformer : 55000.0
lamda_for_pool3 : 55000.0
lamda_for_prompt : 0.0
fc_init_type : type8


lamda_for_featurelower : 0.0
lamda_for_logit_loss : 0.0
 > > lamda_0 : 0 < < 
feature_distill_type : allheadallfeature
task_num : 20
intra_share : 1
prompt_token_num : 30
ratio_fix_para : 0
used_decouple : 0 and decouple_type : 
===========================================


CNN: {'total': 95.27, '00-09': 95.27, 'old': 0, 'new': 95.27}
CNN: {'total': 90.13, '00-09': 90.85, '10-19': 89.52, 'old': 90.85, 'new': 89.52}
CNN: {'total': 85.34, '00-09': 86.75, '10-19': 85.22, '20-29': 84.0, 'old': 85.92, 'new': 84.0}
CNN: {'total': 84.1, '00-09': 84.54, '10-19': 84.95, '20-29': 82.0, '30-39': 84.64, 'old': 83.92, 'new': 84.64}
CNN: {'total': 81.45, '00-09': 84.23, '10-19': 80.91, '20-29': 78.0, '30-39': 79.22, '40-49': 85.1, 'old': 80.62, 'new': 85.1}
CNN: {'total': 80.8, '00-09': 84.23, '10-19': 79.84, '20-29': 79.0, '30-39': 82.23, '40-49': 81.79, '50-59': 77.63, 'old': 81.39, 'new': 77.63}
CNN: {'total': 78.97, '00-09': 78.86, '10-19': 80.11, '20-29': 76.33, '30-39': 79.82, '40-49': 80.46, '50-59': 77.3, '60-69': 79.53, 'old': 78.88, 'new': 79.53}
CNN: {'total': 78.22, '00-09': 80.44, '10-19': 78.23, '20-29': 75.0, '30-39': 80.12, '40-49': 77.81, '50-59': 75.66, '60-69': 73.83, '70-79': 84.98, 'old': 77.39, 'new': 84.98}
CNN: {'total': 76.0, '00-09': 72.87, '10-19': 77.69, '20-29': 74.33, '30-39': 78.92, '40-49': 75.83, '50-59': 74.01, '60-69': 69.8, '70-79': 81.32, '80-89': 79.03, 'old': 75.62, 'new': 79.03}
CNN: {'total': 74.61, '00-09': 76.97, '10-19': 74.19, '20-29': 72.67, '30-39': 77.11, '40-49': 72.19, '50-59': 72.7, '60-69': 71.81, '70-79': 81.32, '80-89': 70.32, '90-99': 79.1, 'old': 74.32, 'new': 79.1}
CNN: {'total': 74.82, '00-09': 75.08, '10-19': 72.85, '20-29': 72.67, '30-39': 79.52, '40-49': 72.52, '50-59': 72.7, '60-69': 69.8, '70-79': 79.12, '80-89': 71.29, '90-99': 76.27, '100-109': 82.75, 'old': 74.07, 'new': 82.75}
CNN: {'total': 73.47, '00-09': 75.71, '10-19': 69.35, '20-29': 71.0, '30-39': 78.01, '40-49': 72.52, '50-59': 73.03, '60-69': 67.11, '70-79': 78.39, '80-89': 66.45, '90-99': 71.19, '100-109': 77.82, '110-119': 79.79, 'old': 72.74, 'new': 79.79}
CNN: {'total': 73.37, '00-09': 73.19, '10-19': 71.51, '20-29': 71.33, '30-39': 77.71, '40-49': 71.85, '50-59': 73.68, '60-69': 68.46, '70-79': 76.92, '80-89': 66.13, '90-99': 68.93, '100-109': 77.11, '110-119': 77.39, '120-129': 77.86, 'old': 73.03, 'new': 77.86}
CNN: {'total': 73.3, '00-09': 70.98, '10-19': 71.24, '20-29': 71.33, '30-39': 77.71, '40-49': 71.19, '50-59': 72.04, '60-69': 65.44, '70-79': 77.29, '80-89': 66.45, '90-99': 68.36, '100-109': 75.0, '110-119': 76.6, '120-129': 76.01, '130-139': 84.9, 'old': 72.42, 'new': 84.9}
CNN: {'total': 72.45, '00-09': 68.45, '10-19': 68.82, '20-29': 68.33, '30-39': 76.2, '40-49': 69.21, '50-59': 71.38, '60-69': 66.11, '70-79': 76.56, '80-89': 64.52, '90-99': 67.23, '100-109': 71.83, '110-119': 76.06, '120-129': 70.85, '130-139': 83.22, '140-149': 83.65, 'old': 71.48, 'new': 83.65}
CNN: {'total': 72.28, '00-09': 64.67, '10-19': 67.74, '20-29': 70.67, '30-39': 78.31, '40-49': 70.53, '50-59': 73.36, '60-69': 66.44, '70-79': 75.46, '80-89': 65.16, '90-99': 67.8, '100-109': 71.48, '110-119': 72.61, '120-129': 70.48, '130-139': 81.21, '140-149': 78.75, '150-159': 78.45, 'old': 71.8, 'new': 78.45}
CNN: {'total': 70.56, '00-09': 65.62, '10-19': 66.67, '20-29': 68.67, '30-39': 77.71, '40-49': 67.55, '50-59': 72.7, '60-69': 65.77, '70-79': 78.02, '80-89': 60.32, '90-99': 64.97, '100-109': 66.55, '110-119': 71.28, '120-129': 67.9, '130-139': 79.19, '140-149': 78.47, '150-159': 73.2, '160-169': 71.3, 'old': 70.52, 'new': 71.3}
CNN: {'total': 70.49, '00-09': 66.56, '10-19': 63.17, '20-29': 68.67, '30-39': 76.51, '40-49': 69.54, '50-59': 71.05, '60-69': 66.44, '70-79': 76.92, '80-89': 59.35, '90-99': 62.71, '100-109': 70.07, '110-119': 70.74, '120-129': 67.9, '130-139': 77.52, '140-149': 76.84, '150-159': 73.2, '160-169': 66.52, '170-179': 83.06, 'old': 69.88, 'new': 83.06}
CNN: {'total': 69.59, '00-09': 66.88, '10-19': 65.05, '20-29': 63.33, '30-39': 76.2, '40-49': 68.21, '50-59': 64.47, '60-69': 64.77, '70-79': 74.36, '80-89': 59.03, '90-99': 58.76, '100-109': 69.72, '110-119': 67.82, '120-129': 68.27, '130-139': 78.19, '140-149': 75.75, '150-159': 72.1, '160-169': 64.78, '170-179': 79.44, '180-189': 80.84, 'old': 68.95, 'new': 80.84}
CNN: {'total': 70.00, '00-09': 61.51, '10-19': 66.67, '20-29': 68.33, '30-39': 71.69, '40-49': 67.55, '50-59': 68.75, '60-69': 63.76, '70-79': 75.46, '80-89': 64.19, '90-99': 63.84, '100-109': 66.2, '110-119': 68.35, '120-129': 67.16, '130-139': 76.85, '140-149': 74.11, '150-159': 72.1, '160-169': 56.96, '170-179': 76.21, '180-189': 69.81, '190-199': 85.24, 'old': 68.62, 'new': 85.24}
CNN top1 curve: [95.27, 90.13, 85.34, 84.1, 81.45, 80.8, 78.97, 78.22, 76.0, 74.61, 74.82, 73.47, 73.37, 73.3, 72.45, 72.28, 70.56, 70.49, 69.59, 70.00]
Average Accuracy (CNN): 77.2295
new : [95.27, 89.52, 84.0, 84.64, 85.1, 77.63, 79.53, 84.98, 79.03, 79.1, 82.75, 79.79, 77.86, 84.9, 83.65, 78.45, 71.3, 83.06, 80.84, 85.24]
old : [0, 90.85, 85.92, 83.92, 80.62, 81.39, 78.88, 77.39, 75.62, 74.32, 74.07, 72.74, 73.03, 72.42, 71.48, 71.8, 70.52, 69.88, 68.95, 68.62]
