config: ./exps/cub/adam_vpt_deep_cub.json
attn_store: 0
change_data_order: 0
task_num: 20
gpu_used: 2
prompt_num: 999
use_tensorboard: 1
feature_distill_type: allheadallfeature
file_name: 0924_prompt
lamda_for_logit_loss: 0.0
lamda_for_prompt: 10.0
lamda_for_featureformer: 500.0
lamda_for_featurelower: 0.0
lamda_for_pool3: 500.0
intra_share: 0
used_decouple: 0
decouple_type: 
Block_which: 
Part_which: 
loss_ratio_print: 0
ratio_fix_para: 0
lamda1: 1
lamda2: 1
lamda3: 1
lamda0: 0
edge1_type: L2
edge2_type: 
edge3_type: 
fc_inittype: type8
cal_center: 0
train_list: 
prompt_store: 
task_id: 0
load_prompt: 
add_fusion: True
prefix:  
dataset: cub
memory_size: 0
memory_per_class: 0
fixed_memory: False
shuffle: True
init_cls: 10
increment: 10
model_name: adam_vpt
convnet_type: pretrained_vit_b16_224_vpt
device: [device(type='cuda', index=2)]
seed: 1993
tuned_epoch: 20
init_lr: 0.01
batch_size: 48
weight_decay: 0.0005
min_lr: 0
optimizer: sgd
vpt_type: deep
prompt_token_num: 5
print: 1
[168, 136, 51, 9, 183, 101, 171, 99, 42, 159, 191, 70, 16, 188, 27, 10, 175, 26, 68, 187, 98, 6, 85, 35, 112, 43, 100, 0, 103, 181, 88, 59, 4, 2, 116, 174, 94, 80, 106, 1, 147, 17, 141, 131, 72, 23, 173, 54, 197, 118, 87, 32, 79, 104, 91, 19, 135, 107, 178, 36, 11, 199, 142, 8, 122, 3, 28, 57, 153, 172, 190, 56, 49, 44, 97, 62, 151, 169, 194, 55, 192, 12, 189, 78, 66, 180, 15, 137, 109, 134, 92, 119, 126, 52, 170, 40, 148, 65, 144, 64, 138, 45, 77, 89, 154, 90, 71, 193, 74, 30, 113, 143, 96, 84, 67, 50, 186, 156, 69, 21, 18, 111, 108, 58, 125, 157, 150, 110, 182, 129, 166, 83, 81, 60, 13, 165, 14, 176, 63, 117, 5, 22, 145, 121, 38, 41, 82, 127, 114, 20, 31, 53, 37, 163, 196, 130, 152, 162, 86, 76, 24, 34, 184, 149, 33, 128, 198, 155, 146, 167, 139, 120, 140, 102, 47, 25, 158, 123, 46, 164, 61, 7, 115, 75, 133, 160, 105, 132, 179, 124, 48, 73, 93, 39, 95, 195, 29, 177, 185, 161]
###################################

[27 27 27 ... 61 61 61]
==================================->
[27 27 27 ... 61 61 61]


###################################
All params: 85844736
Trainable params: 46080
Learning on 0-10
=============== >>> train without kd loss, but only with cls loss <<< ====================
Task 0, Epoch 20/20 => Loss 0.993, Train_accy 94.36, Test_accy 98.31
No NME accuracy.
CNN: {'total': 99.15, '00-09': 99.15, 'old': 0, 'new': 99.15}
CNN top1 curve: [99.15]
CNN top5 curve: [100.0]

Average Accuracy (CNN): 99.15
All params: 171658753
Trainable params: 85860097
Learning on 10-20
=============== >>> train with both kd loss and cls loss <<< ====================
Hand making lamda...
Task 1, Epoch 20/20 => Loss 9.691, Train_accy 0.21, Test_accy 91.50
No NME accuracy.
CNN: {'total': 97.17, '00-09': 99.15, '10-19': 95.35, 'old': 99.15, 'new': 95.35}
CNN top1 curve: [99.15, 97.17]
CNN top5 curve: [100.0, 100.0]

Average Accuracy (CNN): 98.16
All params: 171674113
Trainable params: 85875457
Learning on 20-30
=============== >>> train with both kd loss and cls loss <<< ====================
Hand making lamda...
Task 2, Epoch 20/20 => Loss 0.313, Train_accy 0.63, Test_accy 88.66
No NME accuracy.
CNN: {'total': 97.38, '00-09': 99.15, '10-19': 95.35, '20-29': 97.94, 'old': 97.17, 'new': 97.94}
CNN top1 curve: [99.15, 97.17, 97.38]
CNN top5 curve: [100.0, 100.0, 99.71]

Average Accuracy (CNN): 97.89999999999999
All params: 171689473
Trainable params: 85890817
Learning on 30-40
=============== >>> train with both kd loss and cls loss <<< ====================
Hand making lamda...
Task 3, Epoch 20/20 => Loss 0.282, Train_accy 0.00, Test_accy 86.56
No NME accuracy.
CNN: {'total': 96.7, '00-09': 99.15, '10-19': 94.57, '20-29': 97.94, '30-39': 95.45, 'old': 97.09, 'new': 95.45}
CNN top1 curve: [99.15, 97.17, 97.38, 96.7]
CNN top5 curve: [100.0, 100.0, 99.71, 99.78]

Average Accuracy (CNN): 97.6
All params: 171704833
Trainable params: 85906177
Learning on 40-50
=============== >>> train with both kd loss and cls loss <<< ====================
Hand making lamda...
Task 4, Epoch 20/20 => Loss 0.266, Train_accy 0.21, Test_accy 86.63
No NME accuracy.
CNN: {'total': 95.9, '00-09': 98.31, '10-19': 94.57, '20-29': 97.94, '30-39': 93.64, '40-49': 95.33, 'old': 96.04, 'new': 95.33}
CNN top1 curve: [99.15, 97.17, 97.38, 96.7, 95.9]
CNN top5 curve: [100.0, 100.0, 99.71, 99.78, 99.82]

Average Accuracy (CNN): 97.25999999999999
All params: 171720193
Trainable params: 85921537
Learning on 50-60
=============== >>> train with both kd loss and cls loss <<< ====================
Hand making lamda...
Task 5, Epoch 20/20 => Loss 0.278, Train_accy 0.21, Test_accy 84.97
No NME accuracy.
CNN: {'total': 93.6, '00-09': 91.53, '10-19': 94.57, '20-29': 97.94, '30-39': 93.64, '40-49': 95.33, '50-59': 89.19, 'old': 94.47, 'new': 89.19}
CNN top1 curve: [99.15, 97.17, 97.38, 96.7, 95.9, 93.6]
CNN top5 curve: [100.0, 100.0, 99.71, 99.78, 99.82, 99.4]

Average Accuracy (CNN): 96.64999999999999
All params: 171735553
Trainable params: 85936897
Learning on 60-70
=============== >>> train with both kd loss and cls loss <<< ====================
Hand making lamda...
Task 6, Epoch 20/20 => Loss 0.296, Train_accy 0.00, Test_accy 83.42
No NME accuracy.
CNN: {'total': 91.52, '00-09': 90.68, '10-19': 92.25, '20-29': 97.94, '30-39': 92.73, '40-49': 94.39, '50-59': 85.59, '60-69': 87.74, 'old': 92.11, 'new': 87.74}
CNN top1 curve: [99.15, 97.17, 97.38, 96.7, 95.9, 93.6, 91.52]
CNN top5 curve: [100.0, 100.0, 99.71, 99.78, 99.82, 99.4, 99.36]

Average Accuracy (CNN): 95.91714285714285
All params: 171750913
Trainable params: 85952257
Learning on 70-80
=============== >>> train with both kd loss and cls loss <<< ====================
Hand making lamda...
Task 7, Epoch 20/20 => Loss 0.158, Train_accy 0.87, Test_accy 82.81
No NME accuracy.
CNN: {'total': 92.17, '00-09': 90.68, '10-19': 92.25, '20-29': 97.94, '30-39': 91.82, '40-49': 94.39, '50-59': 85.59, '60-69': 88.68, '70-79': 95.74, 'old': 91.52, 'new': 95.74}
CNN top1 curve: [99.15, 97.17, 97.38, 96.7, 95.9, 93.6, 91.52, 92.17]
CNN top5 curve: [100.0, 100.0, 99.71, 99.78, 99.82, 99.4, 99.36, 99.13]

Average Accuracy (CNN): 95.44874999999999
All params: 171766273
Trainable params: 85967617
Learning on 80-90
=============== >>> train with both kd loss and cls loss <<< ====================
Hand making lamda...
Task 8, Epoch 20/20 => Loss 0.219, Train_accy 0.00, Test_accy 83.08
No NME accuracy.
CNN: {'total': 92.11, '00-09': 90.68, '10-19': 89.92, '20-29': 97.94, '30-39': 91.82, '40-49': 94.39, '50-59': 86.49, '60-69': 88.68, '70-79': 94.33, '80-89': 94.74, 'old': 91.73, 'new': 94.74}
CNN top1 curve: [99.15, 97.17, 97.38, 96.7, 95.9, 93.6, 91.52, 92.17, 92.11]
CNN top5 curve: [100.0, 100.0, 99.71, 99.78, 99.82, 99.4, 99.36, 99.13, 99.24]

Average Accuracy (CNN): 95.07777777777777
All params: 171781633
Trainable params: 85982977
Learning on 90-100
=============== >>> train with both kd loss and cls loss <<< ====================
Hand making lamda...
Task 9, Epoch 20/20 => Loss 0.247, Train_accy 0.22, Test_accy 82.58
No NME accuracy.
CNN: {'total': 91.41, '00-09': 89.83, '10-19': 90.7, '20-29': 97.94, '30-39': 88.18, '40-49': 94.39, '50-59': 86.49, '60-69': 86.79, '70-79': 94.33, '80-89': 94.74, '90-99': 90.44, 'old': 91.54, 'new': 90.44}
CNN top1 curve: [99.15, 97.17, 97.38, 96.7, 95.9, 93.6, 91.52, 92.17, 92.11, 91.41]
CNN top5 curve: [100.0, 100.0, 99.71, 99.78, 99.82, 99.4, 99.36, 99.13, 99.24, 99.16]

Average Accuracy (CNN): 94.71099999999998
All params: 171796993
Trainable params: 85998337
Learning on 100-110
=============== >>> train with both kd loss and cls loss <<< ====================
Hand making lamda...
Task 10, Epoch 20/20 => Loss 0.151, Train_accy 0.00, Test_accy 82.58
No NME accuracy.
CNN: {'total': 91.1, '00-09': 88.98, '10-19': 88.37, '20-29': 97.94, '30-39': 87.27, '40-49': 94.39, '50-59': 86.49, '60-69': 85.85, '70-79': 94.33, '80-89': 94.74, '90-99': 90.44, '100-109': 93.04, 'old': 90.91, 'new': 93.04}
CNN top1 curve: [99.15, 97.17, 97.38, 96.7, 95.9, 93.6, 91.52, 92.17, 92.11, 91.41, 91.1]
CNN top5 curve: [100.0, 100.0, 99.71, 99.78, 99.82, 99.4, 99.36, 99.13, 99.24, 99.16, 99.16]

Average Accuracy (CNN): 94.38272727272725
All params: 171812353
Trainable params: 86013697
Learning on 110-120
=============== >>> train with both kd loss and cls loss <<< ====================
Hand making lamda...
Task 11, Epoch 20/20 => Loss 0.171, Train_accy 0.00, Test_accy 80.30
No NME accuracy.
CNN: {'total': 88.91, '00-09': 88.14, '10-19': 88.37, '20-29': 97.94, '30-39': 87.27, '40-49': 93.46, '50-59': 85.59, '60-69': 83.02, '70-79': 87.94, '80-89': 93.98, '90-99': 88.97, '100-109': 93.91, '110-119': 78.76, 'old': 89.79, 'new': 78.76}
CNN top1 curve: [99.15, 97.17, 97.38, 96.7, 95.9, 93.6, 91.52, 92.17, 92.11, 91.41, 91.1, 88.91]
CNN top5 curve: [100.0, 100.0, 99.71, 99.78, 99.82, 99.4, 99.36, 99.13, 99.24, 99.16, 99.16, 98.87]

Average Accuracy (CNN): 93.92666666666666
All params: 171827713
Trainable params: 86029057
Learning on 120-130
=============== >>> train with both kd loss and cls loss <<< ====================
Hand making lamda...
Task 12, Epoch 20/20 => Loss 0.356, Train_accy 0.00, Test_accy 78.79
No NME accuracy.
CNN: {'total': 88.12, '00-09': 84.75, '10-19': 88.37, '20-29': 97.94, '30-39': 86.36, '40-49': 90.65, '50-59': 85.59, '60-69': 83.02, '70-79': 87.94, '80-89': 93.98, '90-99': 88.97, '100-109': 93.91, '110-119': 78.76, '120-129': 85.05, 'old': 88.35, 'new': 85.05}
CNN top1 curve: [99.15, 97.17, 97.38, 96.7, 95.9, 93.6, 91.52, 92.17, 92.11, 91.41, 91.1, 88.91, 88.12]
CNN top5 curve: [100.0, 100.0, 99.71, 99.78, 99.82, 99.4, 99.36, 99.13, 99.24, 99.16, 99.16, 98.87, 98.82]

Average Accuracy (CNN): 93.47999999999999
All params: 171843073
Trainable params: 86044417
Learning on 130-140
=============== >>> train with both kd loss and cls loss <<< ====================
Hand making lamda...
Task 13, Epoch 20/20 => Loss 0.252, Train_accy 0.00, Test_accy 76.72
No NME accuracy.
CNN: {'total': 87.57, '00-09': 84.75, '10-19': 88.37, '20-29': 97.94, '30-39': 86.36, '40-49': 90.65, '50-59': 85.59, '60-69': 83.02, '70-79': 87.94, '80-89': 93.23, '90-99': 88.97, '100-109': 93.91, '110-119': 78.76, '120-129': 80.37, '130-139': 85.59, 'old': 87.72, 'new': 85.59}
CNN top1 curve: [99.15, 97.17, 97.38, 96.7, 95.9, 93.6, 91.52, 92.17, 92.11, 91.41, 91.1, 88.91, 88.12, 87.57]
CNN top5 curve: [100.0, 100.0, 99.71, 99.78, 99.82, 99.4, 99.36, 99.13, 99.24, 99.16, 99.16, 98.87, 98.82, 98.54]

Average Accuracy (CNN): 93.05785714285712
All params: 171858433
Trainable params: 86059777
Learning on 140-150
=============== >>> train with both kd loss and cls loss <<< ====================
Hand making lamda...
Task 14, Epoch 20/20 => Loss 0.222, Train_accy 0.00, Test_accy 75.21
No NME accuracy.
CNN: {'total': 86.42, '00-09': 82.2, '10-19': 88.37, '20-29': 96.91, '30-39': 83.64, '40-49': 88.79, '50-59': 84.68, '60-69': 83.02, '70-79': 87.94, '80-89': 92.48, '90-99': 86.03, '100-109': 93.04, '110-119': 76.99, '120-129': 80.37, '130-139': 85.59, '140-149': 85.71, 'old': 86.47, 'new': 85.71}
CNN top1 curve: [99.15, 97.17, 97.38, 96.7, 95.9, 93.6, 91.52, 92.17, 92.11, 91.41, 91.1, 88.91, 88.12, 87.57, 86.42]
CNN top5 curve: [100.0, 100.0, 99.71, 99.78, 99.82, 99.4, 99.36, 99.13, 99.24, 99.16, 99.16, 98.87, 98.82, 98.54, 98.53]

Average Accuracy (CNN): 92.61533333333333
All params: 171873793
Trainable params: 86075137
Learning on 150-160
=============== >>> train with both kd loss and cls loss <<< ====================
Hand making lamda...
Task 15, Epoch 20/20 => Loss 0.187, Train_accy 0.00, Test_accy 74.62
No NME accuracy.
CNN: {'total': 86.99, '00-09': 81.36, '10-19': 88.37, '20-29': 96.91, '30-39': 82.73, '40-49': 88.79, '50-59': 84.68, '60-69': 83.02, '70-79': 87.94, '80-89': 91.73, '90-99': 86.76, '100-109': 92.17, '110-119': 76.99, '120-129': 80.37, '130-139': 85.59, '140-149': 85.71, '150-159': 97.58, 'old': 86.25, 'new': 97.58}
CNN top1 curve: [99.15, 97.17, 97.38, 96.7, 95.9, 93.6, 91.52, 92.17, 92.11, 91.41, 91.1, 88.91, 88.12, 87.57, 86.42, 86.99]
CNN top5 curve: [100.0, 100.0, 99.71, 99.78, 99.82, 99.4, 99.36, 99.13, 99.24, 99.16, 99.16, 98.87, 98.82, 98.54, 98.53, 98.47]

Average Accuracy (CNN): 92.26374999999999
All params: 171889153
Trainable params: 86090497
Learning on 160-170
=============== >>> train with both kd loss and cls loss <<< ====================
Hand making lamda...
Task 16, Epoch 20/20 => Loss 0.170, Train_accy 0.00, Test_accy 74.77
No NME accuracy.
CNN: {'total': 86.47, '00-09': 80.51, '10-19': 88.37, '20-29': 95.88, '30-39': 83.64, '40-49': 86.92, '50-59': 84.68, '60-69': 83.02, '70-79': 87.23, '80-89': 91.73, '90-99': 83.82, '100-109': 92.17, '110-119': 76.11, '120-129': 81.31, '130-139': 85.59, '140-149': 84.92, '150-159': 97.58, '160-169': 85.82, 'old': 86.52, 'new': 85.82}
CNN top1 curve: [99.15, 97.17, 97.38, 96.7, 95.9, 93.6, 91.52, 92.17, 92.11, 91.41, 91.1, 88.91, 88.12, 87.57, 86.42, 86.99, 86.47]
CNN top5 curve: [100.0, 100.0, 99.71, 99.78, 99.82, 99.4, 99.36, 99.13, 99.24, 99.16, 99.16, 98.87, 98.82, 98.54, 98.53, 98.47, 98.27]

Average Accuracy (CNN): 91.92294117647057
All params: 171904513
Trainable params: 86105857
Learning on 170-180
=============== >>> train with both kd loss and cls loss <<< ====================
Hand making lamda...
Task 17, Epoch 20/20 => Loss 0.227, Train_accy 0.00, Test_accy 73.87
No NME accuracy.
CNN: {'total': 86.47, '00-09': 77.12, '10-19': 86.82, '20-29': 96.91, '30-39': 83.64, '40-49': 86.92, '50-59': 85.59, '60-69': 81.13, '70-79': 87.23, '80-89': 91.73, '90-99': 83.09, '100-109': 92.17, '110-119': 76.11, '120-129': 81.31, '130-139': 87.29, '140-149': 84.13, '150-159': 96.77, '160-169': 85.82, '170-179': 93.2, 'old': 86.12, 'new': 93.2}
CNN top1 curve: [99.15, 97.17, 97.38, 96.7, 95.9, 93.6, 91.52, 92.17, 92.11, 91.41, 91.1, 88.91, 88.12, 87.57, 86.42, 86.99, 86.47, 86.47]
CNN top5 curve: [100.0, 100.0, 99.71, 99.78, 99.82, 99.4, 99.36, 99.13, 99.24, 99.16, 99.16, 98.87, 98.82, 98.54, 98.53, 98.47, 98.27, 98.21]

Average Accuracy (CNN): 91.61999999999999
All params: 171919873
Trainable params: 86121217
Learning on 180-190
=============== >>> train with both kd loss and cls loss <<< ====================
Hand making lamda...
Task 18, Epoch 20/20 => Loss 0.173, Train_accy 0.00, Test_accy 72.96
No NME accuracy.
CNN: {'total': 85.88, '00-09': 77.97, '10-19': 86.05, '20-29': 94.85, '30-39': 81.82, '40-49': 86.92, '50-59': 85.59, '60-69': 80.19, '70-79': 87.23, '80-89': 90.98, '90-99': 80.88, '100-109': 92.17, '110-119': 76.11, '120-129': 79.44, '130-139': 86.44, '140-149': 84.13, '150-159': 96.77, '160-169': 85.82, '170-179': 93.2, '180-189': 85.61, 'old': 85.9, 'new': 85.61}
CNN top1 curve: [99.15, 97.17, 97.38, 96.7, 95.9, 93.6, 91.52, 92.17, 92.11, 91.41, 91.1, 88.91, 88.12, 87.57, 86.42, 86.99, 86.47, 86.47, 85.88]
CNN top5 curve: [100.0, 100.0, 99.71, 99.78, 99.82, 99.4, 99.36, 99.13, 99.24, 99.16, 99.16, 98.87, 98.82, 98.54, 98.53, 98.47, 98.27, 98.21, 97.96]

Average Accuracy (CNN): 91.3178947368421
All params: 171935233
Trainable params: 86136577
Learning on 190-200
=============== >>> train with both kd loss and cls loss <<< ====================
Hand making lamda...
Task 19, Epoch 20/20 => Loss 0.254, Train_accy 0.00, Test_accy 71.88
No NME accuracy.
CNN: {'total': 85.70, '00-09': 77.97, '10-19': 84.5, '20-29': 94.85, '30-39': 80.91, '40-49': 85.98, '50-59': 84.68, '60-69': 76.42, '70-79': 85.82, '80-89': 90.23, '90-99': 80.88, '100-109': 92.17, '110-119': 75.22, '120-129': 79.44, '130-139': 84.75, '140-149': 84.13, '150-159': 96.77, '160-169': 83.58, '170-179': 92.23, '180-189': 86.36, '190-199': 85.71, 'old': 85.09, 'new': 85.71}
CNN top1 curve: [99.15, 97.17, 97.38, 96.7, 95.9, 93.6, 91.52, 92.17, 92.11, 91.41, 91.1, 88.91, 88.12, 87.57, 86.42, 86.99, 86.47, 86.47, 85.88, 85.70]
CNN top5 curve: [100.0, 100.0, 99.71, 99.78, 99.82, 99.4, 99.36, 99.13, 99.24, 99.16, 99.16, 98.87, 98.82, 98.54, 98.53, 98.47, 98.27, 98.21, 97.96, 98.01]

Average Accuracy (CNN): 91.0075


===========================================
 ================>  Setting  <================ 
lamda_for_featureformer : 500.0
lamda_for_pool3 : 500.0
lamda_for_prompt : 10.0
fc_init_type : type8


lamda_for_featurelower : 0.0
lamda_for_logit_loss : 0.0
 > > lamda_0 : 0 < < 
feature_distill_type : allheadallfeature
task_num : 20
intra_share : 0
prompt_token_num : 5
ratio_fix_para : 0
used_decouple : 0 and decouple_type : 
===========================================


CNN: {'total': 99.15, '00-09': 99.15, 'old': 0, 'new': 99.15}
CNN: {'total': 97.17, '00-09': 99.15, '10-19': 95.35, 'old': 99.15, 'new': 95.35}
CNN: {'total': 97.38, '00-09': 99.15, '10-19': 95.35, '20-29': 97.94, 'old': 97.17, 'new': 97.94}
CNN: {'total': 96.7, '00-09': 99.15, '10-19': 94.57, '20-29': 97.94, '30-39': 95.45, 'old': 97.09, 'new': 95.45}
CNN: {'total': 95.9, '00-09': 98.31, '10-19': 94.57, '20-29': 97.94, '30-39': 93.64, '40-49': 95.33, 'old': 96.04, 'new': 95.33}
CNN: {'total': 93.6, '00-09': 91.53, '10-19': 94.57, '20-29': 97.94, '30-39': 93.64, '40-49': 95.33, '50-59': 89.19, 'old': 94.47, 'new': 89.19}
CNN: {'total': 91.52, '00-09': 90.68, '10-19': 92.25, '20-29': 97.94, '30-39': 92.73, '40-49': 94.39, '50-59': 85.59, '60-69': 87.74, 'old': 92.11, 'new': 87.74}
CNN: {'total': 92.17, '00-09': 90.68, '10-19': 92.25, '20-29': 97.94, '30-39': 91.82, '40-49': 94.39, '50-59': 85.59, '60-69': 88.68, '70-79': 95.74, 'old': 91.52, 'new': 95.74}
CNN: {'total': 92.11, '00-09': 90.68, '10-19': 89.92, '20-29': 97.94, '30-39': 91.82, '40-49': 94.39, '50-59': 86.49, '60-69': 88.68, '70-79': 94.33, '80-89': 94.74, 'old': 91.73, 'new': 94.74}
CNN: {'total': 91.41, '00-09': 89.83, '10-19': 90.7, '20-29': 97.94, '30-39': 88.18, '40-49': 94.39, '50-59': 86.49, '60-69': 86.79, '70-79': 94.33, '80-89': 94.74, '90-99': 90.44, 'old': 91.54, 'new': 90.44}
CNN: {'total': 91.1, '00-09': 88.98, '10-19': 88.37, '20-29': 97.94, '30-39': 87.27, '40-49': 94.39, '50-59': 86.49, '60-69': 85.85, '70-79': 94.33, '80-89': 94.74, '90-99': 90.44, '100-109': 93.04, 'old': 90.91, 'new': 93.04}
CNN: {'total': 88.91, '00-09': 88.14, '10-19': 88.37, '20-29': 97.94, '30-39': 87.27, '40-49': 93.46, '50-59': 85.59, '60-69': 83.02, '70-79': 87.94, '80-89': 93.98, '90-99': 88.97, '100-109': 93.91, '110-119': 78.76, 'old': 89.79, 'new': 78.76}
CNN: {'total': 88.12, '00-09': 84.75, '10-19': 88.37, '20-29': 97.94, '30-39': 86.36, '40-49': 90.65, '50-59': 85.59, '60-69': 83.02, '70-79': 87.94, '80-89': 93.98, '90-99': 88.97, '100-109': 93.91, '110-119': 78.76, '120-129': 85.05, 'old': 88.35, 'new': 85.05}
CNN: {'total': 87.57, '00-09': 84.75, '10-19': 88.37, '20-29': 97.94, '30-39': 86.36, '40-49': 90.65, '50-59': 85.59, '60-69': 83.02, '70-79': 87.94, '80-89': 93.23, '90-99': 88.97, '100-109': 93.91, '110-119': 78.76, '120-129': 80.37, '130-139': 85.59, 'old': 87.72, 'new': 85.59}
CNN: {'total': 86.42, '00-09': 82.2, '10-19': 88.37, '20-29': 96.91, '30-39': 83.64, '40-49': 88.79, '50-59': 84.68, '60-69': 83.02, '70-79': 87.94, '80-89': 92.48, '90-99': 86.03, '100-109': 93.04, '110-119': 76.99, '120-129': 80.37, '130-139': 85.59, '140-149': 85.71, 'old': 86.47, 'new': 85.71}
CNN: {'total': 86.99, '00-09': 81.36, '10-19': 88.37, '20-29': 96.91, '30-39': 82.73, '40-49': 88.79, '50-59': 84.68, '60-69': 83.02, '70-79': 87.94, '80-89': 91.73, '90-99': 86.76, '100-109': 92.17, '110-119': 76.99, '120-129': 80.37, '130-139': 85.59, '140-149': 85.71, '150-159': 97.58, 'old': 86.25, 'new': 97.58}
CNN: {'total': 86.47, '00-09': 80.51, '10-19': 88.37, '20-29': 95.88, '30-39': 83.64, '40-49': 86.92, '50-59': 84.68, '60-69': 83.02, '70-79': 87.23, '80-89': 91.73, '90-99': 83.82, '100-109': 92.17, '110-119': 76.11, '120-129': 81.31, '130-139': 85.59, '140-149': 84.92, '150-159': 97.58, '160-169': 85.82, 'old': 86.52, 'new': 85.82}
CNN: {'total': 86.47, '00-09': 77.12, '10-19': 86.82, '20-29': 96.91, '30-39': 83.64, '40-49': 86.92, '50-59': 85.59, '60-69': 81.13, '70-79': 87.23, '80-89': 91.73, '90-99': 83.09, '100-109': 92.17, '110-119': 76.11, '120-129': 81.31, '130-139': 87.29, '140-149': 84.13, '150-159': 96.77, '160-169': 85.82, '170-179': 93.2, 'old': 86.12, 'new': 93.2}
CNN: {'total': 85.88, '00-09': 77.97, '10-19': 86.05, '20-29': 94.85, '30-39': 81.82, '40-49': 86.92, '50-59': 85.59, '60-69': 80.19, '70-79': 87.23, '80-89': 90.98, '90-99': 80.88, '100-109': 92.17, '110-119': 76.11, '120-129': 79.44, '130-139': 86.44, '140-149': 84.13, '150-159': 96.77, '160-169': 85.82, '170-179': 93.2, '180-189': 85.61, 'old': 85.9, 'new': 85.61}
CNN: {'total': 85.70, '00-09': 77.97, '10-19': 84.5, '20-29': 94.85, '30-39': 80.91, '40-49': 85.98, '50-59': 84.68, '60-69': 76.42, '70-79': 85.82, '80-89': 90.23, '90-99': 80.88, '100-109': 92.17, '110-119': 75.22, '120-129': 79.44, '130-139': 84.75, '140-149': 84.13, '150-159': 96.77, '160-169': 83.58, '170-179': 92.23, '180-189': 86.36, '190-199': 85.71, 'old': 85.09, 'new': 85.71}
CNN top1 curve: [99.15, 97.17, 97.38, 96.7, 95.9, 93.6, 91.52, 92.17, 92.11, 91.41, 91.1, 88.91, 88.12, 87.57, 86.42, 86.99, 86.47, 86.47, 85.88, 85.70]
Average Accuracy (CNN): 91.0075
new : [99.15, 95.35, 97.94, 95.45, 95.33, 89.19, 87.74, 95.74, 94.74, 90.44, 93.04, 78.76, 85.05, 85.59, 85.71, 97.58, 85.82, 93.2, 85.61, 85.71]
old : [0, 99.15, 97.17, 97.09, 96.04, 94.47, 92.11, 91.52, 91.73, 91.54, 90.91, 89.79, 88.35, 87.72, 86.47, 86.25, 86.52, 86.12, 85.9, 85.09]
