config: ./exps/imagenet_a/adam_vpt_deep_imagenet_a.json
attn_store: 0
change_data_order: 0
task_num: 20
gpu_used: 5
prompt_num: 999
use_tensorboard: 1
feature_distill_type: allheadallfeature
file_name: 09011_type8_bushiyuanban_pool1_3_prompt
lamda_for_logit_loss: 0.0
lamda_for_prompt: 500.0
lamda_for_featureformer: 70000.0
lamda_for_featurelower: 0.0
lamda_for_pool3: 70000.0
intra_share: 1
used_decouple: 0
decouple_type: 
Block_which: 
Part_which: 
loss_ratio_print: 0
ratio_fix_para: 0
lamda1: 1
lamda2: 1
lamda3: 1
edge1_type: L2
edge2_type: 
edge3_type: 
fc_inittype: type8
cal_center: 0
prefix:  
dataset: imageneta
memory_size: 2000
memory_per_class: 20
fixed_memory: False
shuffle: True
init_cls: 10
increment: 10
model_name: adam_vpt
convnet_type: pretrained_vit_b16_224_vpt
device: [device(type='cuda', index=5)]
seed: 1993
tuned_epoch: 25
init_lr: 0.04
batch_size: 16
weight_decay: 0.005
min_lr: 0
optimizer: sgd
vpt_type: deep
prompt_token_num: 5
print: 1
[168, 136, 51, 9, 183, 101, 171, 99, 42, 159, 191, 70, 16, 188, 27, 10, 175, 26, 68, 187, 98, 6, 85, 35, 112, 43, 100, 0, 103, 181, 88, 59, 4, 2, 116, 174, 94, 80, 106, 1, 147, 17, 141, 131, 72, 23, 173, 54, 197, 118, 87, 32, 79, 104, 91, 19, 135, 107, 178, 36, 11, 199, 142, 8, 122, 3, 28, 57, 153, 172, 190, 56, 49, 44, 97, 62, 151, 169, 194, 55, 192, 12, 189, 78, 66, 180, 15, 137, 109, 134, 92, 119, 126, 52, 170, 40, 148, 65, 144, 64, 138, 45, 77, 89, 154, 90, 71, 193, 74, 30, 113, 143, 96, 84, 67, 50, 186, 156, 69, 21, 18, 111, 108, 58, 125, 157, 150, 110, 182, 129, 166, 83, 81, 60, 13, 165, 14, 176, 63, 117, 5, 22, 145, 121, 38, 41, 82, 127, 114, 20, 31, 53, 37, 163, 196, 130, 152, 162, 86, 76, 24, 34, 184, 149, 33, 128, 198, 155, 146, 167, 139, 120, 140, 102, 47, 25, 158, 123, 46, 164, 61, 7, 115, 75, 133, 160, 105, 132, 179, 124, 48, 73, 93, 39, 95, 195, 29, 177, 185, 161]
All params: 85844736
Trainable params: 46080
Learning on 0-10
=============== >>> train without kd loss, but only with cls loss <<< ====================
Task 0, Epoch 25/25 => Loss 0.241, Train_accy 96.01, Test_accy 84.42
No NME accuracy.
CNN: {'total': 84.42, '00-09': 84.42, 'old': 0, 'new': 84.42}
CNN top1 curve: [84.42]
CNN top5 curve: [98.7]

Average Accuracy (CNN): 84.42
All params: 171658753
Trainable params: 85860097
Learning on 10-20
=============== >>> train with both kd loss and cls loss <<< ====================
Hand making lamda...
Task 1, Epoch 25/25 => Loss 0.593, Train_accy 6.44, Test_accy 77.14
No NME accuracy.
CNN: {'total': 80.57, '00-09': 74.03, '10-19': 85.71, 'old': 74.03, 'new': 85.71}
CNN top1 curve: [84.42, 80.57]
CNN top5 curve: [98.7, 97.71]

Average Accuracy (CNN): 82.495
All params: 171674113
Trainable params: 85875457
Learning on 20-30
=============== >>> train with both kd loss and cls loss <<< ====================
Hand making lamda...
Task 2, Epoch 25/25 => Loss 0.475, Train_accy 1.10, Test_accy 73.72
No NME accuracy.
CNN: {'total': 78.1, '00-09': 67.53, '10-19': 84.69, '20-29': 79.8, 'old': 77.14, 'new': 79.8}
CNN top1 curve: [84.42, 80.57, 78.1]
CNN top5 curve: [98.7, 97.71, 95.62]

Average Accuracy (CNN): 81.03
All params: 171689473
Trainable params: 85890817
Learning on 30-40
=============== >>> train with both kd loss and cls loss <<< ====================
Hand making lamda...
Task 3, Epoch 25/25 => Loss 0.430, Train_accy 2.48, Test_accy 73.33
No NME accuracy.
CNN: {'total': 76.11, '00-09': 64.94, '10-19': 84.69, '20-29': 77.78, '30-39': 74.42, 'old': 76.64, 'new': 74.42}
CNN top1 curve: [84.42, 80.57, 78.1, 76.11]
CNN top5 curve: [98.7, 97.71, 95.62, 94.44]

Average Accuracy (CNN): 79.8
All params: 171704833
Trainable params: 85906177
Learning on 40-50
=============== >>> train with both kd loss and cls loss <<< ====================
Hand making lamda...
Task 4, Epoch 25/25 => Loss 0.270, Train_accy 0.37, Test_accy 68.16
No NME accuracy.
CNN: {'total': 75.0, '00-09': 61.04, '10-19': 84.69, '20-29': 73.74, '30-39': 70.93, '40-49': 84.38, 'old': 73.33, 'new': 84.38}
CNN top1 curve: [84.42, 80.57, 78.1, 76.11, 75.0]
CNN top5 curve: [98.7, 97.71, 95.62, 94.44, 93.4]

Average Accuracy (CNN): 78.84
All params: 171720193
Trainable params: 85921537
Learning on 50-60
=============== >>> train with both kd loss and cls loss <<< ====================
Hand making lamda...
Task 5, Epoch 25/25 => Loss 0.282, Train_accy 0.83, Test_accy 66.81
No NME accuracy.
CNN: {'total': 73.11, '00-09': 55.84, '10-19': 84.69, '20-29': 70.71, '30-39': 73.26, '40-49': 79.69, '50-59': 73.08, 'old': 73.11, 'new': 73.08}
CNN top1 curve: [84.42, 80.57, 78.1, 76.11, 75.0, 73.11]
CNN top5 curve: [98.7, 97.71, 95.62, 94.44, 93.4, 93.07]

Average Accuracy (CNN): 77.885
All params: 171735553
Trainable params: 85936897
Learning on 60-70
=============== >>> train with both kd loss and cls loss <<< ====================
Hand making lamda...
Task 6, Epoch 25/25 => Loss 0.395, Train_accy 0.92, Test_accy 66.61
No NME accuracy.
CNN: {'total': 70.1, '00-09': 53.25, '10-19': 81.63, '20-29': 66.67, '30-39': 68.6, '40-49': 70.31, '50-59': 71.15, '60-69': 74.6, 'old': 68.91, 'new': 74.6}
CNN top1 curve: [84.42, 80.57, 78.1, 76.11, 75.0, 73.11, 70.1]
CNN top5 curve: [98.7, 97.71, 95.62, 94.44, 93.4, 93.07, 91.69]

Average Accuracy (CNN): 76.77285714285713
All params: 171750913
Trainable params: 85952257
Learning on 70-80
=============== >>> train with both kd loss and cls loss <<< ====================
Hand making lamda...
Task 7, Epoch 25/25 => Loss 0.240, Train_accy 1.72, Test_accy 63.04
No NME accuracy.
CNN: {'total': 68.34, '00-09': 44.16, '10-19': 74.49, '20-29': 66.67, '30-39': 66.28, '40-49': 73.44, '50-59': 63.46, '60-69': 73.81, '70-79': 77.08, 'old': 66.94, 'new': 77.08}
CNN top1 curve: [84.42, 80.57, 78.1, 76.11, 75.0, 73.11, 70.1, 68.34]
CNN top5 curve: [98.7, 97.71, 95.62, 94.44, 93.4, 93.07, 91.69, 89.97]

Average Accuracy (CNN): 75.71875
All params: 171766273
Trainable params: 85967617
Learning on 80-90
=============== >>> train with both kd loss and cls loss <<< ====================
Hand making lamda...
Task 8, Epoch 25/25 => Loss 0.254, Train_accy 0.00, Test_accy 61.87
No NME accuracy.
CNN: {'total': 66.11, '00-09': 38.96, '10-19': 66.33, '20-29': 63.64, '30-39': 66.28, '40-49': 70.31, '50-59': 61.54, '60-69': 73.02, '70-79': 73.96, '80-89': 74.07, 'old': 65.19, 'new': 74.07}
CNN top1 curve: [84.42, 80.57, 78.1, 76.11, 75.0, 73.11, 70.1, 68.34, 66.11]
CNN top5 curve: [98.7, 97.71, 95.62, 94.44, 93.4, 93.07, 91.69, 89.97, 89.35]

Average Accuracy (CNN): 74.6511111111111
All params: 171781633
Trainable params: 85982977
Learning on 90-100
=============== >>> train with both kd loss and cls loss <<< ====================
Hand making lamda...
Task 9, Epoch 25/25 => Loss 0.226, Train_accy 0.43, Test_accy 57.07
No NME accuracy.
CNN: {'total': 63.85, '00-09': 37.66, '10-19': 65.31, '20-29': 64.65, '30-39': 67.44, '40-49': 62.5, '50-59': 63.46, '60-69': 72.22, '70-79': 67.71, '80-89': 64.2, '90-99': 66.13, 'old': 63.67, 'new': 66.13}
CNN top1 curve: [84.42, 80.57, 78.1, 76.11, 75.0, 73.11, 70.1, 68.34, 66.11, 63.85]
CNN top5 curve: [98.7, 97.71, 95.62, 94.44, 93.4, 93.07, 91.69, 89.97, 89.35, 87.63]

Average Accuracy (CNN): 73.571
All params: 171796993
Trainable params: 85998337
Learning on 100-110
=============== >>> train with both kd loss and cls loss <<< ====================
Hand making lamda...
Task 10, Epoch 25/25 => Loss 0.245, Train_accy 0.00, Test_accy 57.60
No NME accuracy.
CNN: {'total': 62.93, '00-09': 37.66, '10-19': 62.24, '20-29': 60.61, '30-39': 66.28, '40-49': 62.5, '50-59': 63.46, '60-69': 69.84, '70-79': 65.62, '80-89': 62.96, '90-99': 64.52, '100-109': 75.0, 'old': 62.07, 'new': 75.0}
CNN top1 curve: [84.42, 80.57, 78.1, 76.11, 75.0, 73.11, 70.1, 68.34, 66.11, 63.85, 62.93]
CNN top5 curve: [98.7, 97.71, 95.62, 94.44, 93.4, 93.07, 91.69, 89.97, 89.35, 87.63, 87.01]

Average Accuracy (CNN): 72.60363636363637
All params: 171812353
Trainable params: 86013697
Learning on 110-120
=============== >>> train with both kd loss and cls loss <<< ====================
Hand making lamda...
Task 11, Epoch 25/25 => Loss 0.218, Train_accy 0.00, Test_accy 56.62
No NME accuracy.
CNN: {'total': 63.28, '00-09': 36.36, '10-19': 64.29, '20-29': 59.6, '30-39': 65.12, '40-49': 65.62, '50-59': 57.69, '60-69': 69.84, '70-79': 65.62, '80-89': 64.2, '90-99': 59.68, '100-109': 75.0, '110-119': 72.97, 'old': 62.49, 'new': 72.97}
CNN top1 curve: [84.42, 80.57, 78.1, 76.11, 75.0, 73.11, 70.1, 68.34, 66.11, 63.85, 62.93, 63.28]
CNN top5 curve: [98.7, 97.71, 95.62, 94.44, 93.4, 93.07, 91.69, 89.97, 89.35, 87.63, 87.01, 86.87]

Average Accuracy (CNN): 71.82666666666667
All params: 171827713
Trainable params: 86029057
Learning on 120-130
=============== >>> train with both kd loss and cls loss <<< ====================
Hand making lamda...
Task 12, Epoch 25/25 => Loss 0.310, Train_accy 0.00, Test_accy 54.30
No NME accuracy.
CNN: {'total': 60.48, '00-09': 36.36, '10-19': 58.16, '20-29': 56.57, '30-39': 59.3, '40-49': 60.94, '50-59': 55.77, '60-69': 69.84, '70-79': 62.5, '80-89': 64.2, '90-99': 54.84, '100-109': 71.67, '110-119': 71.62, '120-129': 60.0, 'old': 60.51, 'new': 60.0}
CNN top1 curve: [84.42, 80.57, 78.1, 76.11, 75.0, 73.11, 70.1, 68.34, 66.11, 63.85, 62.93, 63.28, 60.48]
CNN top5 curve: [98.7, 97.71, 95.62, 94.44, 93.4, 93.07, 91.69, 89.97, 89.35, 87.63, 87.01, 86.87, 84.64]

Average Accuracy (CNN): 70.95384615384616
All params: 171843073
Trainable params: 86044417
Learning on 130-140
=============== >>> train with both kd loss and cls loss <<< ====================
Hand making lamda...
Task 13, Epoch 25/25 => Loss 0.306, Train_accy 0.97, Test_accy 54.95
No NME accuracy.
CNN: {'total': 61.02, '00-09': 36.36, '10-19': 57.14, '20-29': 56.57, '30-39': 62.79, '40-49': 64.06, '50-59': 59.62, '60-69': 63.49, '70-79': 63.54, '80-89': 62.96, '90-99': 56.45, '100-109': 71.67, '110-119': 70.27, '120-129': 56.67, '130-139': 72.09, 'old': 60.1, 'new': 72.09}
CNN top1 curve: [84.42, 80.57, 78.1, 76.11, 75.0, 73.11, 70.1, 68.34, 66.11, 63.85, 62.93, 63.28, 60.48, 61.02]
CNN top5 curve: [98.7, 97.71, 95.62, 94.44, 93.4, 93.07, 91.69, 89.97, 89.35, 87.63, 87.01, 86.87, 84.64, 84.48]

Average Accuracy (CNN): 70.24428571428571
All params: 171858433
Trainable params: 86059777
Learning on 140-150
=============== >>> train with both kd loss and cls loss <<< ====================
Hand making lamda...
Task 14, Epoch 25/25 => Loss 0.368, Train_accy 0.30, Test_accy 55.89
No NME accuracy.
CNN: {'total': 59.98, '00-09': 33.77, '10-19': 53.06, '20-29': 55.56, '30-39': 61.63, '40-49': 64.06, '50-59': 59.62, '60-69': 64.29, '70-79': 60.42, '80-89': 60.49, '90-99': 61.29, '100-109': 71.67, '110-119': 70.27, '120-129': 53.33, '130-139': 69.77, '140-149': 61.84, 'old': 59.86, 'new': 61.84}
CNN top1 curve: [84.42, 80.57, 78.1, 76.11, 75.0, 73.11, 70.1, 68.34, 66.11, 63.85, 62.93, 63.28, 60.48, 61.02, 59.98]
CNN top5 curve: [98.7, 97.71, 95.62, 94.44, 93.4, 93.07, 91.69, 89.97, 89.35, 87.63, 87.01, 86.87, 84.64, 84.48, 84.54]

Average Accuracy (CNN): 69.55999999999999
All params: 171873793
Trainable params: 86075137
Learning on 150-160
=============== >>> train with both kd loss and cls loss <<< ====================
Hand making lamda...
Task 15, Epoch 25/25 => Loss 0.225, Train_accy 0.00, Test_accy 52.64
No NME accuracy.
CNN: {'total': 57.45, '00-09': 31.17, '10-19': 42.86, '20-29': 53.54, '30-39': 59.3, '40-49': 59.38, '50-59': 57.69, '60-69': 63.49, '70-79': 63.54, '80-89': 60.49, '90-99': 53.23, '100-109': 70.0, '110-119': 67.57, '120-129': 51.67, '130-139': 70.93, '140-149': 57.89, '150-159': 54.9, 'old': 57.56, 'new': 54.9}
CNN top1 curve: [84.42, 80.57, 78.1, 76.11, 75.0, 73.11, 70.1, 68.34, 66.11, 63.85, 62.93, 63.28, 60.48, 61.02, 59.98, 57.45]
CNN top5 curve: [98.7, 97.71, 95.62, 94.44, 93.4, 93.07, 91.69, 89.97, 89.35, 87.63, 87.01, 86.87, 84.64, 84.48, 84.54, 82.53]

Average Accuracy (CNN): 68.803125
All params: 171889153
Trainable params: 86090497
Learning on 160-170
=============== >>> train with both kd loss and cls loss <<< ====================
Hand making lamda...
Task 16, Epoch 25/25 => Loss 0.379, Train_accy 2.10, Test_accy 53.56
No NME accuracy.
CNN: {'total': 57.24, '00-09': 28.57, '10-19': 48.98, '20-29': 51.52, '30-39': 62.79, '40-49': 54.69, '50-59': 57.69, '60-69': 65.08, '70-79': 59.38, '80-89': 59.26, '90-99': 53.23, '100-109': 68.33, '110-119': 64.86, '120-129': 51.67, '130-139': 69.77, '140-149': 57.89, '150-159': 49.02, '160-169': 63.53, 'old': 56.81, 'new': 63.53}
CNN top1 curve: [84.42, 80.57, 78.1, 76.11, 75.0, 73.11, 70.1, 68.34, 66.11, 63.85, 62.93, 63.28, 60.48, 61.02, 59.98, 57.45, 57.24]
CNN top5 curve: [98.7, 97.71, 95.62, 94.44, 93.4, 93.07, 91.69, 89.97, 89.35, 87.63, 87.01, 86.87, 84.64, 84.48, 84.54, 82.53, 82.67]

Average Accuracy (CNN): 68.12294117647059
All params: 171904513
Trainable params: 86105857
Learning on 170-180
=============== >>> train with both kd loss and cls loss <<< ====================
Hand making lamda...
Task 17, Epoch 25/25 => Loss 0.310, Train_accy 1.27, Test_accy 51.04
No NME accuracy.
CNN: {'total': 55.7, '00-09': 33.77, '10-19': 48.98, '20-29': 53.54, '30-39': 59.3, '40-49': 57.81, '50-59': 55.77, '60-69': 62.7, '70-79': 58.33, '80-89': 61.73, '90-99': 50.0, '100-109': 66.67, '110-119': 63.51, '120-129': 48.33, '130-139': 67.44, '140-149': 56.58, '150-159': 39.22, '160-169': 49.41, '170-179': 61.29, 'old': 55.44, 'new': 61.29}
CNN top1 curve: [84.42, 80.57, 78.1, 76.11, 75.0, 73.11, 70.1, 68.34, 66.11, 63.85, 62.93, 63.28, 60.48, 61.02, 59.98, 57.45, 57.24, 55.7]
CNN top5 curve: [98.7, 97.71, 95.62, 94.44, 93.4, 93.07, 91.69, 89.97, 89.35, 87.63, 87.01, 86.87, 84.64, 84.48, 84.54, 82.53, 82.67, 80.5]

Average Accuracy (CNN): 67.43277777777777
All params: 171919873
Trainable params: 86121217
Learning on 180-190
=============== >>> train with both kd loss and cls loss <<< ====================
Hand making lamda...
Task 18, Epoch 25/25 => Loss 0.202, Train_accy 0.53, Test_accy 49.79
No NME accuracy.
CNN: {'total': 55.02, '00-09': 28.57, '10-19': 45.92, '20-29': 53.54, '30-39': 53.49, '40-49': 56.25, '50-59': 57.69, '60-69': 61.9, '70-79': 57.29, '80-89': 60.49, '90-99': 48.39, '100-109': 68.33, '110-119': 63.51, '120-129': 48.33, '130-139': 69.77, '140-149': 55.26, '150-159': 47.06, '160-169': 48.24, '170-179': 56.45, '180-189': 66.67, 'old': 54.7, 'new': 66.67}
CNN top1 curve: [84.42, 80.57, 78.1, 76.11, 75.0, 73.11, 70.1, 68.34, 66.11, 63.85, 62.93, 63.28, 60.48, 61.02, 59.98, 57.45, 57.24, 55.7, 55.02]
CNN top5 curve: [98.7, 97.71, 95.62, 94.44, 93.4, 93.07, 91.69, 89.97, 89.35, 87.63, 87.01, 86.87, 84.64, 84.48, 84.54, 82.53, 82.67, 80.5, 79.22]

Average Accuracy (CNN): 66.77947368421053
All params: 171935233
Trainable params: 86136577
Learning on 190-200
=============== >>> train with both kd loss and cls loss <<< ====================
Hand making lamda...
Task 19, Epoch 25/25 => Loss 0.299, Train_accy 0.00, Test_accy 49.51
No NME accuracy.
CNN: {'total': 55.43, '00-09': 35.06, '10-19': 52.04, '20-29': 51.52, '30-39': 59.3, '40-49': 54.69, '50-59': 51.92, '60-69': 60.32, '70-79': 56.25, '80-89': 65.43, '90-99': 48.39, '100-109': 63.33, '110-119': 62.16, '120-129': 46.67, '130-139': 66.28, '140-149': 52.63, '150-159': 37.25, '160-169': 48.24, '170-179': 48.39, '180-189': 64.1, '190-199': 74.12, 'old': 54.32, 'new': 74.12}
CNN top1 curve: [84.42, 80.57, 78.1, 76.11, 75.0, 73.11, 70.1, 68.34, 66.11, 63.85, 62.93, 63.28, 60.48, 61.02, 59.98, 57.45, 57.24, 55.7, 55.02, 55.43]
CNN top5 curve: [98.7, 97.71, 95.62, 94.44, 93.4, 93.07, 91.69, 89.97, 89.35, 87.63, 87.01, 86.87, 84.64, 84.48, 84.54, 82.53, 82.67, 80.5, 79.22, 79.53]

Average Accuracy (CNN): 66.212


===========================================
 ================>  Setting  <================ 
lamda_for_featureformer : 70000.0
lamda_for_pool3 : 70000.0
lamda_for_prompt : 500.0
fc_init_type : type8


lamda_for_featurelower : 0.0
lamda_for_logit_loss : 0.0
feature_distill_type : allheadallfeature
task_num : 20
intra_share : 1
prompt_token_num : 5
ratio_fix_para : 0
used_decouple : 0 and decouple_type : 
===========================================


CNN: {'total': 84.42, '00-09': 84.42, 'old': 0, 'new': 84.42}
CNN: {'total': 80.57, '00-09': 74.03, '10-19': 85.71, 'old': 74.03, 'new': 85.71}
CNN: {'total': 78.1, '00-09': 67.53, '10-19': 84.69, '20-29': 79.8, 'old': 77.14, 'new': 79.8}
CNN: {'total': 76.11, '00-09': 64.94, '10-19': 84.69, '20-29': 77.78, '30-39': 74.42, 'old': 76.64, 'new': 74.42}
CNN: {'total': 75.0, '00-09': 61.04, '10-19': 84.69, '20-29': 73.74, '30-39': 70.93, '40-49': 84.38, 'old': 73.33, 'new': 84.38}
CNN: {'total': 73.11, '00-09': 55.84, '10-19': 84.69, '20-29': 70.71, '30-39': 73.26, '40-49': 79.69, '50-59': 73.08, 'old': 73.11, 'new': 73.08}
CNN: {'total': 70.1, '00-09': 53.25, '10-19': 81.63, '20-29': 66.67, '30-39': 68.6, '40-49': 70.31, '50-59': 71.15, '60-69': 74.6, 'old': 68.91, 'new': 74.6}
CNN: {'total': 68.34, '00-09': 44.16, '10-19': 74.49, '20-29': 66.67, '30-39': 66.28, '40-49': 73.44, '50-59': 63.46, '60-69': 73.81, '70-79': 77.08, 'old': 66.94, 'new': 77.08}
CNN: {'total': 66.11, '00-09': 38.96, '10-19': 66.33, '20-29': 63.64, '30-39': 66.28, '40-49': 70.31, '50-59': 61.54, '60-69': 73.02, '70-79': 73.96, '80-89': 74.07, 'old': 65.19, 'new': 74.07}
CNN: {'total': 63.85, '00-09': 37.66, '10-19': 65.31, '20-29': 64.65, '30-39': 67.44, '40-49': 62.5, '50-59': 63.46, '60-69': 72.22, '70-79': 67.71, '80-89': 64.2, '90-99': 66.13, 'old': 63.67, 'new': 66.13}
CNN: {'total': 62.93, '00-09': 37.66, '10-19': 62.24, '20-29': 60.61, '30-39': 66.28, '40-49': 62.5, '50-59': 63.46, '60-69': 69.84, '70-79': 65.62, '80-89': 62.96, '90-99': 64.52, '100-109': 75.0, 'old': 62.07, 'new': 75.0}
CNN: {'total': 63.28, '00-09': 36.36, '10-19': 64.29, '20-29': 59.6, '30-39': 65.12, '40-49': 65.62, '50-59': 57.69, '60-69': 69.84, '70-79': 65.62, '80-89': 64.2, '90-99': 59.68, '100-109': 75.0, '110-119': 72.97, 'old': 62.49, 'new': 72.97}
CNN: {'total': 60.48, '00-09': 36.36, '10-19': 58.16, '20-29': 56.57, '30-39': 59.3, '40-49': 60.94, '50-59': 55.77, '60-69': 69.84, '70-79': 62.5, '80-89': 64.2, '90-99': 54.84, '100-109': 71.67, '110-119': 71.62, '120-129': 60.0, 'old': 60.51, 'new': 60.0}
CNN: {'total': 61.02, '00-09': 36.36, '10-19': 57.14, '20-29': 56.57, '30-39': 62.79, '40-49': 64.06, '50-59': 59.62, '60-69': 63.49, '70-79': 63.54, '80-89': 62.96, '90-99': 56.45, '100-109': 71.67, '110-119': 70.27, '120-129': 56.67, '130-139': 72.09, 'old': 60.1, 'new': 72.09}
CNN: {'total': 59.98, '00-09': 33.77, '10-19': 53.06, '20-29': 55.56, '30-39': 61.63, '40-49': 64.06, '50-59': 59.62, '60-69': 64.29, '70-79': 60.42, '80-89': 60.49, '90-99': 61.29, '100-109': 71.67, '110-119': 70.27, '120-129': 53.33, '130-139': 69.77, '140-149': 61.84, 'old': 59.86, 'new': 61.84}
CNN: {'total': 57.45, '00-09': 31.17, '10-19': 42.86, '20-29': 53.54, '30-39': 59.3, '40-49': 59.38, '50-59': 57.69, '60-69': 63.49, '70-79': 63.54, '80-89': 60.49, '90-99': 53.23, '100-109': 70.0, '110-119': 67.57, '120-129': 51.67, '130-139': 70.93, '140-149': 57.89, '150-159': 54.9, 'old': 57.56, 'new': 54.9}
CNN: {'total': 57.24, '00-09': 28.57, '10-19': 48.98, '20-29': 51.52, '30-39': 62.79, '40-49': 54.69, '50-59': 57.69, '60-69': 65.08, '70-79': 59.38, '80-89': 59.26, '90-99': 53.23, '100-109': 68.33, '110-119': 64.86, '120-129': 51.67, '130-139': 69.77, '140-149': 57.89, '150-159': 49.02, '160-169': 63.53, 'old': 56.81, 'new': 63.53}
CNN: {'total': 55.7, '00-09': 33.77, '10-19': 48.98, '20-29': 53.54, '30-39': 59.3, '40-49': 57.81, '50-59': 55.77, '60-69': 62.7, '70-79': 58.33, '80-89': 61.73, '90-99': 50.0, '100-109': 66.67, '110-119': 63.51, '120-129': 48.33, '130-139': 67.44, '140-149': 56.58, '150-159': 39.22, '160-169': 49.41, '170-179': 61.29, 'old': 55.44, 'new': 61.29}
CNN: {'total': 55.02, '00-09': 28.57, '10-19': 45.92, '20-29': 53.54, '30-39': 53.49, '40-49': 56.25, '50-59': 57.69, '60-69': 61.9, '70-79': 57.29, '80-89': 60.49, '90-99': 48.39, '100-109': 68.33, '110-119': 63.51, '120-129': 48.33, '130-139': 69.77, '140-149': 55.26, '150-159': 47.06, '160-169': 48.24, '170-179': 56.45, '180-189': 66.67, 'old': 54.7, 'new': 66.67}
CNN: {'total': 55.43, '00-09': 35.06, '10-19': 52.04, '20-29': 51.52, '30-39': 59.3, '40-49': 54.69, '50-59': 51.92, '60-69': 60.32, '70-79': 56.25, '80-89': 65.43, '90-99': 48.39, '100-109': 63.33, '110-119': 62.16, '120-129': 46.67, '130-139': 66.28, '140-149': 52.63, '150-159': 37.25, '160-169': 48.24, '170-179': 48.39, '180-189': 64.1, '190-199': 74.12, 'old': 54.32, 'new': 74.12}
CNN top1 curve: [84.42, 80.57, 78.1, 76.11, 75.0, 73.11, 70.1, 68.34, 66.11, 63.85, 62.93, 63.28, 60.48, 61.02, 59.98, 57.45, 57.24, 55.7, 55.02, 55.43]
Average Accuracy (CNN): 66.212
new : [84.42, 85.71, 79.8, 74.42, 84.38, 73.08, 74.6, 77.08, 74.07, 66.13, 75.0, 72.97, 60.0, 72.09, 61.84, 54.9, 63.53, 61.29, 66.67, 74.12]
old : [0, 74.03, 77.14, 76.64, 73.33, 73.11, 68.91, 66.94, 65.19, 63.67, 62.07, 62.49, 60.51, 60.1, 59.86, 57.56, 56.81, 55.44, 54.7, 54.32]
